<?xml version="1.0" encoding="UTF-8"?>
<robot generator="Robot 4.1.2 (Python 3.10.1 on win32)" generated="20211214 20:42:52.769" rpa="false" schemaversion="2">
<suite id="s1" name="TextLinks" source="c:\Users\RamSchool\Documents\RobotFrameworkVSCode\TestCases\TextLinks.robot">
<test id="s1-t1" name="Login_Flow_Test">
<kw name="I navigate to the store" library="Resource2">
<kw name="Open Browser" library="SeleniumLibrary">
<arg>${URL}</arg>
<arg>${Browser}</arg>
<doc>Opens a new browser instance to the optional ``url``.</doc>
<msg timestamp="20211214 20:42:53.069" level="INFO">Opening browser 'headlessfirefox' to base url 'http://www.tutorialsninja.com/demo/'.</msg>
<msg timestamp="20211214 20:42:53.073" level="INFO">Firefox driver log is always forced to to: C:\Users\RamSchool\Documents\RobotFrameworkVSCode\geckodriver-1.log</msg>
<status status="PASS" starttime="20211214 20:42:53.067" endtime="20211214 20:43:00.984"/>
</kw>
<kw name="Maximize Browser Window" library="SeleniumLibrary">
<doc>Maximizes current browser window.</doc>
<status status="PASS" starttime="20211214 20:43:00.984" endtime="20211214 20:43:00.986"/>
</kw>
<kw name="Get Element Count" library="SeleniumLibrary">
<var>${LinkCount}</var>
<arg>xpath=//li</arg>
<doc>Returns the number of elements matching ``locator``.</doc>
<msg timestamp="20211214 20:43:01.003" level="INFO">${LinkCount} = 61</msg>
<status status="PASS" starttime="20211214 20:43:00.986" endtime="20211214 20:43:01.003"/>
</kw>
<kw name="Log To Console" library="BuiltIn">
<arg>${LinkCount}</arg>
<doc>Logs the given message to the console.</doc>
<status status="PASS" starttime="20211214 20:43:01.003" endtime="20211214 20:43:01.004"/>
</kw>
<kw name="Create List" library="BuiltIn">
<var>@{LinkList}</var>
<doc>Returns a list containing given items.</doc>
<msg timestamp="20211214 20:43:01.004" level="INFO">@{LinkList} = [ ]</msg>
<status status="PASS" starttime="20211214 20:43:01.004" endtime="20211214 20:43:01.004"/>
</kw>
<for flavor="IN RANGE">
<var>${i}</var>
<value>1</value>
<value>${LinkCount}+1</value>
<iter>
<var name="${i}">1</var>
<kw name="Get Text" library="SeleniumLibrary">
<var>${linktext}</var>
<arg>xpath:(//li)[${i}]</arg>
<doc>Returns the text value of the element identified by ``locator``.</doc>
<msg timestamp="20211214 20:43:01.020" level="INFO">${linktext} = </msg>
<status status="PASS" starttime="20211214 20:43:01.004" endtime="20211214 20:43:01.020"/>
</kw>
<kw name="Log To Console" library="BuiltIn">
<arg>${linktext}</arg>
<doc>Logs the given message to the console.</doc>
<status status="PASS" starttime="20211214 20:43:01.020" endtime="20211214 20:43:01.020"/>
</kw>
<status status="PASS" starttime="20211214 20:43:01.004" endtime="20211214 20:43:01.020"/>
</iter>
<iter>
<var name="${i}">2</var>
<kw name="Get Text" library="SeleniumLibrary">
<var>${linktext}</var>
<arg>xpath:(//li)[${i}]</arg>
<doc>Returns the text value of the element identified by ``locator``.</doc>
<msg timestamp="20211214 20:43:01.027" level="INFO">${linktext} = </msg>
<status status="PASS" starttime="20211214 20:43:01.020" endtime="20211214 20:43:01.027"/>
</kw>
<kw name="Log To Console" library="BuiltIn">
<arg>${linktext}</arg>
<doc>Logs the given message to the console.</doc>
<status status="PASS" starttime="20211214 20:43:01.027" endtime="20211214 20:43:01.028"/>
</kw>
<status status="PASS" starttime="20211214 20:43:01.020" endtime="20211214 20:43:01.028"/>
</iter>
<iter>
<var name="${i}">3</var>
<kw name="Get Text" library="SeleniumLibrary">
<var>${linktext}</var>
<arg>xpath:(//li)[${i}]</arg>
<doc>Returns the text value of the element identified by ``locator``.</doc>
<msg timestamp="20211214 20:43:01.035" level="INFO">${linktext} = </msg>
<status status="PASS" starttime="20211214 20:43:01.028" endtime="20211214 20:43:01.035"/>
</kw>
<kw name="Log To Console" library="BuiltIn">
<arg>${linktext}</arg>
<doc>Logs the given message to the console.</doc>
<status status="PASS" starttime="20211214 20:43:01.035" endtime="20211214 20:43:01.036"/>
</kw>
<status status="PASS" starttime="20211214 20:43:01.028" endtime="20211214 20:43:01.036"/>
</iter>
<iter>
<var name="${i}">4</var>
<kw name="Get Text" library="SeleniumLibrary">
<var>${linktext}</var>
<arg>xpath:(//li)[${i}]</arg>
<doc>Returns the text value of the element identified by ``locator``.</doc>
<msg timestamp="20211214 20:43:01.048" level="INFO">${linktext} = 123456789</msg>
<status status="PASS" starttime="20211214 20:43:01.036" endtime="20211214 20:43:01.048"/>
</kw>
<kw name="Log To Console" library="BuiltIn">
<arg>${linktext}</arg>
<doc>Logs the given message to the console.</doc>
<status status="PASS" starttime="20211214 20:43:01.048" endtime="20211214 20:43:01.048"/>
</kw>
<status status="PASS" starttime="20211214 20:43:01.036" endtime="20211214 20:43:01.048"/>
</iter>
<iter>
<var name="${i}">5</var>
<kw name="Get Text" library="SeleniumLibrary">
<var>${linktext}</var>
<arg>xpath:(//li)[${i}]</arg>
<doc>Returns the text value of the element identified by ``locator``.</doc>
<msg timestamp="20211214 20:43:01.059" level="INFO">${linktext} = My Account</msg>
<status status="PASS" starttime="20211214 20:43:01.048" endtime="20211214 20:43:01.059"/>
</kw>
<kw name="Log To Console" library="BuiltIn">
<arg>${linktext}</arg>
<doc>Logs the given message to the console.</doc>
<status status="PASS" starttime="20211214 20:43:01.059" endtime="20211214 20:43:01.059"/>
</kw>
<status status="PASS" starttime="20211214 20:43:01.048" endtime="20211214 20:43:01.060"/>
</iter>
<iter>
<var name="${i}">6</var>
<kw name="Get Text" library="SeleniumLibrary">
<var>${linktext}</var>
<arg>xpath:(//li)[${i}]</arg>
<doc>Returns the text value of the element identified by ``locator``.</doc>
<msg timestamp="20211214 20:43:01.066" level="INFO">${linktext} = </msg>
<status status="PASS" starttime="20211214 20:43:01.060" endtime="20211214 20:43:01.066"/>
</kw>
<kw name="Log To Console" library="BuiltIn">
<arg>${linktext}</arg>
<doc>Logs the given message to the console.</doc>
<status status="PASS" starttime="20211214 20:43:01.066" endtime="20211214 20:43:01.067"/>
</kw>
<status status="PASS" starttime="20211214 20:43:01.060" endtime="20211214 20:43:01.067"/>
</iter>
<iter>
<var name="${i}">7</var>
<kw name="Get Text" library="SeleniumLibrary">
<var>${linktext}</var>
<arg>xpath:(//li)[${i}]</arg>
<doc>Returns the text value of the element identified by ``locator``.</doc>
<msg timestamp="20211214 20:43:01.071" level="INFO">${linktext} = </msg>
<status status="PASS" starttime="20211214 20:43:01.067" endtime="20211214 20:43:01.071"/>
</kw>
<kw name="Log To Console" library="BuiltIn">
<arg>${linktext}</arg>
<doc>Logs the given message to the console.</doc>
<status status="PASS" starttime="20211214 20:43:01.071" endtime="20211214 20:43:01.071"/>
</kw>
<status status="PASS" starttime="20211214 20:43:01.067" endtime="20211214 20:43:01.071"/>
</iter>
<iter>
<var name="${i}">8</var>
<kw name="Get Text" library="SeleniumLibrary">
<var>${linktext}</var>
<arg>xpath:(//li)[${i}]</arg>
<doc>Returns the text value of the element identified by ``locator``.</doc>
<msg timestamp="20211214 20:43:01.083" level="INFO">${linktext} = Wish List (0)</msg>
<status status="PASS" starttime="20211214 20:43:01.072" endtime="20211214 20:43:01.083"/>
</kw>
<kw name="Log To Console" library="BuiltIn">
<arg>${linktext}</arg>
<doc>Logs the given message to the console.</doc>
<status status="PASS" starttime="20211214 20:43:01.084" endtime="20211214 20:43:01.084"/>
</kw>
<status status="PASS" starttime="20211214 20:43:01.071" endtime="20211214 20:43:01.084"/>
</iter>
<iter>
<var name="${i}">9</var>
<kw name="Get Text" library="SeleniumLibrary">
<var>${linktext}</var>
<arg>xpath:(//li)[${i}]</arg>
<doc>Returns the text value of the element identified by ``locator``.</doc>
<msg timestamp="20211214 20:43:01.092" level="INFO">${linktext} = Shopping Cart</msg>
<status status="PASS" starttime="20211214 20:43:01.084" endtime="20211214 20:43:01.092"/>
</kw>
<kw name="Log To Console" library="BuiltIn">
<arg>${linktext}</arg>
<doc>Logs the given message to the console.</doc>
<status status="PASS" starttime="20211214 20:43:01.092" endtime="20211214 20:43:01.093"/>
</kw>
<status status="PASS" starttime="20211214 20:43:01.084" endtime="20211214 20:43:01.093"/>
</iter>
<iter>
<var name="${i}">10</var>
<kw name="Get Text" library="SeleniumLibrary">
<var>${linktext}</var>
<arg>xpath:(//li)[${i}]</arg>
<doc>Returns the text value of the element identified by ``locator``.</doc>
<msg timestamp="20211214 20:43:01.101" level="INFO">${linktext} = Checkout</msg>
<status status="PASS" starttime="20211214 20:43:01.093" endtime="20211214 20:43:01.101"/>
</kw>
<kw name="Log To Console" library="BuiltIn">
<arg>${linktext}</arg>
<doc>Logs the given message to the console.</doc>
<status status="PASS" starttime="20211214 20:43:01.102" endtime="20211214 20:43:01.103"/>
</kw>
<status status="PASS" starttime="20211214 20:43:01.093" endtime="20211214 20:43:01.103"/>
</iter>
<iter>
<var name="${i}">11</var>
<kw name="Get Text" library="SeleniumLibrary">
<var>${linktext}</var>
<arg>xpath:(//li)[${i}]</arg>
<doc>Returns the text value of the element identified by ``locator``.</doc>
<msg timestamp="20211214 20:43:01.111" level="INFO">${linktext} = </msg>
<status status="PASS" starttime="20211214 20:43:01.103" endtime="20211214 20:43:01.111"/>
</kw>
<kw name="Log To Console" library="BuiltIn">
<arg>${linktext}</arg>
<doc>Logs the given message to the console.</doc>
<status status="PASS" starttime="20211214 20:43:01.111" endtime="20211214 20:43:01.111"/>
</kw>
<status status="PASS" starttime="20211214 20:43:01.103" endtime="20211214 20:43:01.111"/>
</iter>
<iter>
<var name="${i}">12</var>
<kw name="Get Text" library="SeleniumLibrary">
<var>${linktext}</var>
<arg>xpath:(//li)[${i}]</arg>
<doc>Returns the text value of the element identified by ``locator``.</doc>
<msg timestamp="20211214 20:43:01.132" level="INFO">${linktext} = Desktops</msg>
<status status="PASS" starttime="20211214 20:43:01.112" endtime="20211214 20:43:01.132"/>
</kw>
<kw name="Log To Console" library="BuiltIn">
<arg>${linktext}</arg>
<doc>Logs the given message to the console.</doc>
<status status="PASS" starttime="20211214 20:43:01.133" endtime="20211214 20:43:01.134"/>
</kw>
<status status="PASS" starttime="20211214 20:43:01.112" endtime="20211214 20:43:01.134"/>
</iter>
<iter>
<var name="${i}">13</var>
<kw name="Get Text" library="SeleniumLibrary">
<var>${linktext}</var>
<arg>xpath:(//li)[${i}]</arg>
<doc>Returns the text value of the element identified by ``locator``.</doc>
<msg timestamp="20211214 20:43:01.144" level="INFO">${linktext} = </msg>
<status status="PASS" starttime="20211214 20:43:01.134" endtime="20211214 20:43:01.144"/>
</kw>
<kw name="Log To Console" library="BuiltIn">
<arg>${linktext}</arg>
<doc>Logs the given message to the console.</doc>
<status status="PASS" starttime="20211214 20:43:01.145" endtime="20211214 20:43:01.145"/>
</kw>
<status status="PASS" starttime="20211214 20:43:01.134" endtime="20211214 20:43:01.145"/>
</iter>
<iter>
<var name="${i}">14</var>
<kw name="Get Text" library="SeleniumLibrary">
<var>${linktext}</var>
<arg>xpath:(//li)[${i}]</arg>
<doc>Returns the text value of the element identified by ``locator``.</doc>
<msg timestamp="20211214 20:43:01.153" level="INFO">${linktext} = </msg>
<status status="PASS" starttime="20211214 20:43:01.145" endtime="20211214 20:43:01.153"/>
</kw>
<kw name="Log To Console" library="BuiltIn">
<arg>${linktext}</arg>
<doc>Logs the given message to the console.</doc>
<status status="PASS" starttime="20211214 20:43:01.153" endtime="20211214 20:43:01.154"/>
</kw>
<status status="PASS" starttime="20211214 20:43:01.145" endtime="20211214 20:43:01.154"/>
</iter>
<iter>
<var name="${i}">15</var>
<kw name="Get Text" library="SeleniumLibrary">
<var>${linktext}</var>
<arg>xpath:(//li)[${i}]</arg>
<doc>Returns the text value of the element identified by ``locator``.</doc>
<msg timestamp="20211214 20:43:01.164" level="INFO">${linktext} = Laptops &amp; Notebooks</msg>
<status status="PASS" starttime="20211214 20:43:01.155" endtime="20211214 20:43:01.164"/>
</kw>
<kw name="Log To Console" library="BuiltIn">
<arg>${linktext}</arg>
<doc>Logs the given message to the console.</doc>
<status status="PASS" starttime="20211214 20:43:01.164" endtime="20211214 20:43:01.165"/>
</kw>
<status status="PASS" starttime="20211214 20:43:01.154" endtime="20211214 20:43:01.165"/>
</iter>
<iter>
<var name="${i}">16</var>
<kw name="Get Text" library="SeleniumLibrary">
<var>${linktext}</var>
<arg>xpath:(//li)[${i}]</arg>
<doc>Returns the text value of the element identified by ``locator``.</doc>
<msg timestamp="20211214 20:43:01.175" level="INFO">${linktext} = </msg>
<status status="PASS" starttime="20211214 20:43:01.165" endtime="20211214 20:43:01.175"/>
</kw>
<kw name="Log To Console" library="BuiltIn">
<arg>${linktext}</arg>
<doc>Logs the given message to the console.</doc>
<status status="PASS" starttime="20211214 20:43:01.175" endtime="20211214 20:43:01.176"/>
</kw>
<status status="PASS" starttime="20211214 20:43:01.165" endtime="20211214 20:43:01.176"/>
</iter>
<iter>
<var name="${i}">17</var>
<kw name="Get Text" library="SeleniumLibrary">
<var>${linktext}</var>
<arg>xpath:(//li)[${i}]</arg>
<doc>Returns the text value of the element identified by ``locator``.</doc>
<msg timestamp="20211214 20:43:01.187" level="INFO">${linktext} = </msg>
<status status="PASS" starttime="20211214 20:43:01.177" endtime="20211214 20:43:01.187"/>
</kw>
<kw name="Log To Console" library="BuiltIn">
<arg>${linktext}</arg>
<doc>Logs the given message to the console.</doc>
<status status="PASS" starttime="20211214 20:43:01.187" endtime="20211214 20:43:01.187"/>
</kw>
<status status="PASS" starttime="20211214 20:43:01.176" endtime="20211214 20:43:01.187"/>
</iter>
<iter>
<var name="${i}">18</var>
<kw name="Get Text" library="SeleniumLibrary">
<var>${linktext}</var>
<arg>xpath:(//li)[${i}]</arg>
<doc>Returns the text value of the element identified by ``locator``.</doc>
<msg timestamp="20211214 20:43:01.203" level="INFO">${linktext} = Components</msg>
<status status="PASS" starttime="20211214 20:43:01.187" endtime="20211214 20:43:01.203"/>
</kw>
<kw name="Log To Console" library="BuiltIn">
<arg>${linktext}</arg>
<doc>Logs the given message to the console.</doc>
<status status="PASS" starttime="20211214 20:43:01.203" endtime="20211214 20:43:01.203"/>
</kw>
<status status="PASS" starttime="20211214 20:43:01.187" endtime="20211214 20:43:01.203"/>
</iter>
<iter>
<var name="${i}">19</var>
<kw name="Get Text" library="SeleniumLibrary">
<var>${linktext}</var>
<arg>xpath:(//li)[${i}]</arg>
<doc>Returns the text value of the element identified by ``locator``.</doc>
<msg timestamp="20211214 20:43:01.211" level="INFO">${linktext} = </msg>
<status status="PASS" starttime="20211214 20:43:01.203" endtime="20211214 20:43:01.211"/>
</kw>
<kw name="Log To Console" library="BuiltIn">
<arg>${linktext}</arg>
<doc>Logs the given message to the console.</doc>
<status status="PASS" starttime="20211214 20:43:01.212" endtime="20211214 20:43:01.212"/>
</kw>
<status status="PASS" starttime="20211214 20:43:01.203" endtime="20211214 20:43:01.212"/>
</iter>
<iter>
<var name="${i}">20</var>
<kw name="Get Text" library="SeleniumLibrary">
<var>${linktext}</var>
<arg>xpath:(//li)[${i}]</arg>
<doc>Returns the text value of the element identified by ``locator``.</doc>
<msg timestamp="20211214 20:43:01.234" level="INFO">${linktext} = </msg>
<status status="PASS" starttime="20211214 20:43:01.212" endtime="20211214 20:43:01.234"/>
</kw>
<kw name="Log To Console" library="BuiltIn">
<arg>${linktext}</arg>
<doc>Logs the given message to the console.</doc>
<status status="PASS" starttime="20211214 20:43:01.235" endtime="20211214 20:43:01.237"/>
</kw>
<status status="PASS" starttime="20211214 20:43:01.212" endtime="20211214 20:43:01.237"/>
</iter>
<iter>
<var name="${i}">21</var>
<kw name="Get Text" library="SeleniumLibrary">
<var>${linktext}</var>
<arg>xpath:(//li)[${i}]</arg>
<doc>Returns the text value of the element identified by ``locator``.</doc>
<msg timestamp="20211214 20:43:01.249" level="INFO">${linktext} = </msg>
<status status="PASS" starttime="20211214 20:43:01.239" endtime="20211214 20:43:01.249"/>
</kw>
<kw name="Log To Console" library="BuiltIn">
<arg>${linktext}</arg>
<doc>Logs the given message to the console.</doc>
<status status="PASS" starttime="20211214 20:43:01.250" endtime="20211214 20:43:01.250"/>
</kw>
<status status="PASS" starttime="20211214 20:43:01.238" endtime="20211214 20:43:01.250"/>
</iter>
<iter>
<var name="${i}">22</var>
<kw name="Get Text" library="SeleniumLibrary">
<var>${linktext}</var>
<arg>xpath:(//li)[${i}]</arg>
<doc>Returns the text value of the element identified by ``locator``.</doc>
<msg timestamp="20211214 20:43:01.257" level="INFO">${linktext} = </msg>
<status status="PASS" starttime="20211214 20:43:01.250" endtime="20211214 20:43:01.257"/>
</kw>
<kw name="Log To Console" library="BuiltIn">
<arg>${linktext}</arg>
<doc>Logs the given message to the console.</doc>
<status status="PASS" starttime="20211214 20:43:01.258" endtime="20211214 20:43:01.258"/>
</kw>
<status status="PASS" starttime="20211214 20:43:01.250" endtime="20211214 20:43:01.258"/>
</iter>
<iter>
<var name="${i}">23</var>
<kw name="Get Text" library="SeleniumLibrary">
<var>${linktext}</var>
<arg>xpath:(//li)[${i}]</arg>
<doc>Returns the text value of the element identified by ``locator``.</doc>
<msg timestamp="20211214 20:43:01.267" level="INFO">${linktext} = </msg>
<status status="PASS" starttime="20211214 20:43:01.259" endtime="20211214 20:43:01.267"/>
</kw>
<kw name="Log To Console" library="BuiltIn">
<arg>${linktext}</arg>
<doc>Logs the given message to the console.</doc>
<status status="PASS" starttime="20211214 20:43:01.267" endtime="20211214 20:43:01.267"/>
</kw>
<status status="PASS" starttime="20211214 20:43:01.258" endtime="20211214 20:43:01.267"/>
</iter>
<iter>
<var name="${i}">24</var>
<kw name="Get Text" library="SeleniumLibrary">
<var>${linktext}</var>
<arg>xpath:(//li)[${i}]</arg>
<doc>Returns the text value of the element identified by ``locator``.</doc>
<msg timestamp="20211214 20:43:01.273" level="INFO">${linktext} = Tablets</msg>
<status status="PASS" starttime="20211214 20:43:01.267" endtime="20211214 20:43:01.273"/>
</kw>
<kw name="Log To Console" library="BuiltIn">
<arg>${linktext}</arg>
<doc>Logs the given message to the console.</doc>
<status status="PASS" starttime="20211214 20:43:01.273" endtime="20211214 20:43:01.273"/>
</kw>
<status status="PASS" starttime="20211214 20:43:01.267" endtime="20211214 20:43:01.273"/>
</iter>
<iter>
<var name="${i}">25</var>
<kw name="Get Text" library="SeleniumLibrary">
<var>${linktext}</var>
<arg>xpath:(//li)[${i}]</arg>
<doc>Returns the text value of the element identified by ``locator``.</doc>
<msg timestamp="20211214 20:43:01.282" level="INFO">${linktext} = Software</msg>
<status status="PASS" starttime="20211214 20:43:01.273" endtime="20211214 20:43:01.282"/>
</kw>
<kw name="Log To Console" library="BuiltIn">
<arg>${linktext}</arg>
<doc>Logs the given message to the console.</doc>
<status status="PASS" starttime="20211214 20:43:01.282" endtime="20211214 20:43:01.282"/>
</kw>
<status status="PASS" starttime="20211214 20:43:01.273" endtime="20211214 20:43:01.282"/>
</iter>
<iter>
<var name="${i}">26</var>
<kw name="Get Text" library="SeleniumLibrary">
<var>${linktext}</var>
<arg>xpath:(//li)[${i}]</arg>
<doc>Returns the text value of the element identified by ``locator``.</doc>
<msg timestamp="20211214 20:43:01.287" level="INFO">${linktext} = Phones &amp; PDAs</msg>
<status status="PASS" starttime="20211214 20:43:01.282" endtime="20211214 20:43:01.287"/>
</kw>
<kw name="Log To Console" library="BuiltIn">
<arg>${linktext}</arg>
<doc>Logs the given message to the console.</doc>
<status status="PASS" starttime="20211214 20:43:01.287" endtime="20211214 20:43:01.288"/>
</kw>
<status status="PASS" starttime="20211214 20:43:01.282" endtime="20211214 20:43:01.288"/>
</iter>
<iter>
<var name="${i}">27</var>
<kw name="Get Text" library="SeleniumLibrary">
<var>${linktext}</var>
<arg>xpath:(//li)[${i}]</arg>
<doc>Returns the text value of the element identified by ``locator``.</doc>
<msg timestamp="20211214 20:43:01.303" level="INFO">${linktext} = Cameras</msg>
<status status="PASS" starttime="20211214 20:43:01.288" endtime="20211214 20:43:01.303"/>
</kw>
<kw name="Log To Console" library="BuiltIn">
<arg>${linktext}</arg>
<doc>Logs the given message to the console.</doc>
<status status="PASS" starttime="20211214 20:43:01.303" endtime="20211214 20:43:01.304"/>
</kw>
<status status="PASS" starttime="20211214 20:43:01.288" endtime="20211214 20:43:01.304"/>
</iter>
<iter>
<var name="${i}">28</var>
<kw name="Get Text" library="SeleniumLibrary">
<var>${linktext}</var>
<arg>xpath:(//li)[${i}]</arg>
<doc>Returns the text value of the element identified by ``locator``.</doc>
<msg timestamp="20211214 20:43:01.334" level="INFO">${linktext} = MP3 Players</msg>
<status status="PASS" starttime="20211214 20:43:01.305" endtime="20211214 20:43:01.334"/>
</kw>
<kw name="Log To Console" library="BuiltIn">
<arg>${linktext}</arg>
<doc>Logs the given message to the console.</doc>
<status status="PASS" starttime="20211214 20:43:01.335" endtime="20211214 20:43:01.335"/>
</kw>
<status status="PASS" starttime="20211214 20:43:01.305" endtime="20211214 20:43:01.336"/>
</iter>
<iter>
<var name="${i}">29</var>
<kw name="Get Text" library="SeleniumLibrary">
<var>${linktext}</var>
<arg>xpath:(//li)[${i}]</arg>
<doc>Returns the text value of the element identified by ``locator``.</doc>
<msg timestamp="20211214 20:43:01.356" level="INFO">${linktext} = </msg>
<status status="PASS" starttime="20211214 20:43:01.336" endtime="20211214 20:43:01.356"/>
</kw>
<kw name="Log To Console" library="BuiltIn">
<arg>${linktext}</arg>
<doc>Logs the given message to the console.</doc>
<status status="PASS" starttime="20211214 20:43:01.357" endtime="20211214 20:43:01.358"/>
</kw>
<status status="PASS" starttime="20211214 20:43:01.336" endtime="20211214 20:43:01.358"/>
</iter>
<iter>
<var name="${i}">30</var>
<kw name="Get Text" library="SeleniumLibrary">
<var>${linktext}</var>
<arg>xpath:(//li)[${i}]</arg>
<doc>Returns the text value of the element identified by ``locator``.</doc>
<msg timestamp="20211214 20:43:01.367" level="INFO">${linktext} = </msg>
<status status="PASS" starttime="20211214 20:43:01.358" endtime="20211214 20:43:01.367"/>
</kw>
<kw name="Log To Console" library="BuiltIn">
<arg>${linktext}</arg>
<doc>Logs the given message to the console.</doc>
<status status="PASS" starttime="20211214 20:43:01.368" endtime="20211214 20:43:01.368"/>
</kw>
<status status="PASS" starttime="20211214 20:43:01.358" endtime="20211214 20:43:01.368"/>
</iter>
<iter>
<var name="${i}">31</var>
<kw name="Get Text" library="SeleniumLibrary">
<var>${linktext}</var>
<arg>xpath:(//li)[${i}]</arg>
<doc>Returns the text value of the element identified by ``locator``.</doc>
<msg timestamp="20211214 20:43:01.383" level="INFO">${linktext} = </msg>
<status status="PASS" starttime="20211214 20:43:01.369" endtime="20211214 20:43:01.383"/>
</kw>
<kw name="Log To Console" library="BuiltIn">
<arg>${linktext}</arg>
<doc>Logs the given message to the console.</doc>
<status status="PASS" starttime="20211214 20:43:01.383" endtime="20211214 20:43:01.384"/>
</kw>
<status status="PASS" starttime="20211214 20:43:01.368" endtime="20211214 20:43:01.384"/>
</iter>
<iter>
<var name="${i}">32</var>
<kw name="Get Text" library="SeleniumLibrary">
<var>${linktext}</var>
<arg>xpath:(//li)[${i}]</arg>
<doc>Returns the text value of the element identified by ``locator``.</doc>
<msg timestamp="20211214 20:43:01.396" level="INFO">${linktext} = </msg>
<status status="PASS" starttime="20211214 20:43:01.384" endtime="20211214 20:43:01.397"/>
</kw>
<kw name="Log To Console" library="BuiltIn">
<arg>${linktext}</arg>
<doc>Logs the given message to the console.</doc>
<status status="PASS" starttime="20211214 20:43:01.397" endtime="20211214 20:43:01.397"/>
</kw>
<status status="PASS" starttime="20211214 20:43:01.384" endtime="20211214 20:43:01.397"/>
</iter>
<iter>
<var name="${i}">33</var>
<kw name="Get Text" library="SeleniumLibrary">
<var>${linktext}</var>
<arg>xpath:(//li)[${i}]</arg>
<doc>Returns the text value of the element identified by ``locator``.</doc>
<msg timestamp="20211214 20:43:01.406" level="INFO">${linktext} = </msg>
<status status="PASS" starttime="20211214 20:43:01.398" endtime="20211214 20:43:01.407"/>
</kw>
<kw name="Log To Console" library="BuiltIn">
<arg>${linktext}</arg>
<doc>Logs the given message to the console.</doc>
<status status="PASS" starttime="20211214 20:43:01.407" endtime="20211214 20:43:01.408"/>
</kw>
<status status="PASS" starttime="20211214 20:43:01.398" endtime="20211214 20:43:01.408"/>
</iter>
<iter>
<var name="${i}">34</var>
<kw name="Get Text" library="SeleniumLibrary">
<var>${linktext}</var>
<arg>xpath:(//li)[${i}]</arg>
<doc>Returns the text value of the element identified by ``locator``.</doc>
<msg timestamp="20211214 20:43:01.416" level="INFO">${linktext} = </msg>
<status status="PASS" starttime="20211214 20:43:01.408" endtime="20211214 20:43:01.416"/>
</kw>
<kw name="Log To Console" library="BuiltIn">
<arg>${linktext}</arg>
<doc>Logs the given message to the console.</doc>
<status status="PASS" starttime="20211214 20:43:01.416" endtime="20211214 20:43:01.417"/>
</kw>
<status status="PASS" starttime="20211214 20:43:01.408" endtime="20211214 20:43:01.417"/>
</iter>
<iter>
<var name="${i}">35</var>
<kw name="Get Text" library="SeleniumLibrary">
<var>${linktext}</var>
<arg>xpath:(//li)[${i}]</arg>
<doc>Returns the text value of the element identified by ``locator``.</doc>
<msg timestamp="20211214 20:43:01.434" level="INFO">${linktext} = </msg>
<status status="PASS" starttime="20211214 20:43:01.417" endtime="20211214 20:43:01.435"/>
</kw>
<kw name="Log To Console" library="BuiltIn">
<arg>${linktext}</arg>
<doc>Logs the given message to the console.</doc>
<status status="PASS" starttime="20211214 20:43:01.435" endtime="20211214 20:43:01.436"/>
</kw>
<status status="PASS" starttime="20211214 20:43:01.417" endtime="20211214 20:43:01.436"/>
</iter>
<iter>
<var name="${i}">36</var>
<kw name="Get Text" library="SeleniumLibrary">
<var>${linktext}</var>
<arg>xpath:(//li)[${i}]</arg>
<doc>Returns the text value of the element identified by ``locator``.</doc>
<msg timestamp="20211214 20:43:01.449" level="INFO">${linktext} = </msg>
<status status="PASS" starttime="20211214 20:43:01.437" endtime="20211214 20:43:01.449"/>
</kw>
<kw name="Log To Console" library="BuiltIn">
<arg>${linktext}</arg>
<doc>Logs the given message to the console.</doc>
<status status="PASS" starttime="20211214 20:43:01.449" endtime="20211214 20:43:01.449"/>
</kw>
<status status="PASS" starttime="20211214 20:43:01.436" endtime="20211214 20:43:01.449"/>
</iter>
<iter>
<var name="${i}">37</var>
<kw name="Get Text" library="SeleniumLibrary">
<var>${linktext}</var>
<arg>xpath:(//li)[${i}]</arg>
<doc>Returns the text value of the element identified by ``locator``.</doc>
<msg timestamp="20211214 20:43:01.458" level="INFO">${linktext} = </msg>
<status status="PASS" starttime="20211214 20:43:01.449" endtime="20211214 20:43:01.458"/>
</kw>
<kw name="Log To Console" library="BuiltIn">
<arg>${linktext}</arg>
<doc>Logs the given message to the console.</doc>
<status status="PASS" starttime="20211214 20:43:01.458" endtime="20211214 20:43:01.459"/>
</kw>
<status status="PASS" starttime="20211214 20:43:01.449" endtime="20211214 20:43:01.459"/>
</iter>
<iter>
<var name="${i}">38</var>
<kw name="Get Text" library="SeleniumLibrary">
<var>${linktext}</var>
<arg>xpath:(//li)[${i}]</arg>
<doc>Returns the text value of the element identified by ``locator``.</doc>
<msg timestamp="20211214 20:43:01.467" level="INFO">${linktext} = </msg>
<status status="PASS" starttime="20211214 20:43:01.459" endtime="20211214 20:43:01.467"/>
</kw>
<kw name="Log To Console" library="BuiltIn">
<arg>${linktext}</arg>
<doc>Logs the given message to the console.</doc>
<status status="PASS" starttime="20211214 20:43:01.468" endtime="20211214 20:43:01.468"/>
</kw>
<status status="PASS" starttime="20211214 20:43:01.459" endtime="20211214 20:43:01.468"/>
</iter>
<iter>
<var name="${i}">39</var>
<kw name="Get Text" library="SeleniumLibrary">
<var>${linktext}</var>
<arg>xpath:(//li)[${i}]</arg>
<doc>Returns the text value of the element identified by ``locator``.</doc>
<msg timestamp="20211214 20:43:01.473" level="INFO">${linktext} = </msg>
<status status="PASS" starttime="20211214 20:43:01.468" endtime="20211214 20:43:01.473"/>
</kw>
<kw name="Log To Console" library="BuiltIn">
<arg>${linktext}</arg>
<doc>Logs the given message to the console.</doc>
<status status="PASS" starttime="20211214 20:43:01.473" endtime="20211214 20:43:01.473"/>
</kw>
<status status="PASS" starttime="20211214 20:43:01.468" endtime="20211214 20:43:01.473"/>
</iter>
<iter>
<var name="${i}">40</var>
<kw name="Get Text" library="SeleniumLibrary">
<var>${linktext}</var>
<arg>xpath:(//li)[${i}]</arg>
<doc>Returns the text value of the element identified by ``locator``.</doc>
<msg timestamp="20211214 20:43:01.479" level="INFO">${linktext} = </msg>
<status status="PASS" starttime="20211214 20:43:01.473" endtime="20211214 20:43:01.480"/>
</kw>
<kw name="Log To Console" library="BuiltIn">
<arg>${linktext}</arg>
<doc>Logs the given message to the console.</doc>
<status status="PASS" starttime="20211214 20:43:01.480" endtime="20211214 20:43:01.480"/>
</kw>
<status status="PASS" starttime="20211214 20:43:01.473" endtime="20211214 20:43:01.480"/>
</iter>
<iter>
<var name="${i}">41</var>
<kw name="Get Text" library="SeleniumLibrary">
<var>${linktext}</var>
<arg>xpath:(//li)[${i}]</arg>
<doc>Returns the text value of the element identified by ``locator``.</doc>
<msg timestamp="20211214 20:43:01.485" level="INFO">${linktext} = </msg>
<status status="PASS" starttime="20211214 20:43:01.480" endtime="20211214 20:43:01.485"/>
</kw>
<kw name="Log To Console" library="BuiltIn">
<arg>${linktext}</arg>
<doc>Logs the given message to the console.</doc>
<status status="PASS" starttime="20211214 20:43:01.485" endtime="20211214 20:43:01.486"/>
</kw>
<status status="PASS" starttime="20211214 20:43:01.480" endtime="20211214 20:43:01.486"/>
</iter>
<iter>
<var name="${i}">42</var>
<kw name="Get Text" library="SeleniumLibrary">
<var>${linktext}</var>
<arg>xpath:(//li)[${i}]</arg>
<doc>Returns the text value of the element identified by ``locator``.</doc>
<msg timestamp="20211214 20:43:01.492" level="INFO">${linktext} = </msg>
<status status="PASS" starttime="20211214 20:43:01.486" endtime="20211214 20:43:01.492"/>
</kw>
<kw name="Log To Console" library="BuiltIn">
<arg>${linktext}</arg>
<doc>Logs the given message to the console.</doc>
<status status="PASS" starttime="20211214 20:43:01.492" endtime="20211214 20:43:01.493"/>
</kw>
<status status="PASS" starttime="20211214 20:43:01.486" endtime="20211214 20:43:01.493"/>
</iter>
<iter>
<var name="${i}">43</var>
<kw name="Get Text" library="SeleniumLibrary">
<var>${linktext}</var>
<arg>xpath:(//li)[${i}]</arg>
<doc>Returns the text value of the element identified by ``locator``.</doc>
<msg timestamp="20211214 20:43:01.509" level="INFO">${linktext} = </msg>
<status status="PASS" starttime="20211214 20:43:01.493" endtime="20211214 20:43:01.510"/>
</kw>
<kw name="Log To Console" library="BuiltIn">
<arg>${linktext}</arg>
<doc>Logs the given message to the console.</doc>
<status status="PASS" starttime="20211214 20:43:01.510" endtime="20211214 20:43:01.512"/>
</kw>
<status status="PASS" starttime="20211214 20:43:01.493" endtime="20211214 20:43:01.512"/>
</iter>
<iter>
<var name="${i}">44</var>
<kw name="Get Text" library="SeleniumLibrary">
<var>${linktext}</var>
<arg>xpath:(//li)[${i}]</arg>
<doc>Returns the text value of the element identified by ``locator``.</doc>
<msg timestamp="20211214 20:43:01.521" level="INFO">${linktext} = </msg>
<status status="PASS" starttime="20211214 20:43:01.512" endtime="20211214 20:43:01.521"/>
</kw>
<kw name="Log To Console" library="BuiltIn">
<arg>${linktext}</arg>
<doc>Logs the given message to the console.</doc>
<status status="PASS" starttime="20211214 20:43:01.522" endtime="20211214 20:43:01.522"/>
</kw>
<status status="PASS" starttime="20211214 20:43:01.512" endtime="20211214 20:43:01.522"/>
</iter>
<iter>
<var name="${i}">45</var>
<kw name="Get Text" library="SeleniumLibrary">
<var>${linktext}</var>
<arg>xpath:(//li)[${i}]</arg>
<doc>Returns the text value of the element identified by ``locator``.</doc>
<msg timestamp="20211214 20:43:01.544" level="INFO">${linktext} = </msg>
<status status="PASS" starttime="20211214 20:43:01.522" endtime="20211214 20:43:01.545"/>
</kw>
<kw name="Log To Console" library="BuiltIn">
<arg>${linktext}</arg>
<doc>Logs the given message to the console.</doc>
<status status="PASS" starttime="20211214 20:43:01.545" endtime="20211214 20:43:01.548"/>
</kw>
<status status="PASS" starttime="20211214 20:43:01.522" endtime="20211214 20:43:01.548"/>
</iter>
<iter>
<var name="${i}">46</var>
<kw name="Get Text" library="SeleniumLibrary">
<var>${linktext}</var>
<arg>xpath:(//li)[${i}]</arg>
<doc>Returns the text value of the element identified by ``locator``.</doc>
<msg timestamp="20211214 20:43:01.558" level="INFO">${linktext} = </msg>
<status status="PASS" starttime="20211214 20:43:01.549" endtime="20211214 20:43:01.558"/>
</kw>
<kw name="Log To Console" library="BuiltIn">
<arg>${linktext}</arg>
<doc>Logs the given message to the console.</doc>
<status status="PASS" starttime="20211214 20:43:01.559" endtime="20211214 20:43:01.559"/>
</kw>
<status status="PASS" starttime="20211214 20:43:01.548" endtime="20211214 20:43:01.559"/>
</iter>
<iter>
<var name="${i}">47</var>
<kw name="Get Text" library="SeleniumLibrary">
<var>${linktext}</var>
<arg>xpath:(//li)[${i}]</arg>
<doc>Returns the text value of the element identified by ``locator``.</doc>
<msg timestamp="20211214 20:43:01.567" level="INFO">${linktext} = About Us</msg>
<status status="PASS" starttime="20211214 20:43:01.559" endtime="20211214 20:43:01.567"/>
</kw>
<kw name="Log To Console" library="BuiltIn">
<arg>${linktext}</arg>
<doc>Logs the given message to the console.</doc>
<status status="PASS" starttime="20211214 20:43:01.568" endtime="20211214 20:43:01.568"/>
</kw>
<status status="PASS" starttime="20211214 20:43:01.559" endtime="20211214 20:43:01.568"/>
</iter>
<iter>
<var name="${i}">48</var>
<kw name="Get Text" library="SeleniumLibrary">
<var>${linktext}</var>
<arg>xpath:(//li)[${i}]</arg>
<doc>Returns the text value of the element identified by ``locator``.</doc>
<msg timestamp="20211214 20:43:01.581" level="INFO">${linktext} = Delivery Information</msg>
<status status="PASS" starttime="20211214 20:43:01.568" endtime="20211214 20:43:01.582"/>
</kw>
<kw name="Log To Console" library="BuiltIn">
<arg>${linktext}</arg>
<doc>Logs the given message to the console.</doc>
<status status="PASS" starttime="20211214 20:43:01.582" endtime="20211214 20:43:01.582"/>
</kw>
<status status="PASS" starttime="20211214 20:43:01.568" endtime="20211214 20:43:01.583"/>
</iter>
<iter>
<var name="${i}">49</var>
<kw name="Get Text" library="SeleniumLibrary">
<var>${linktext}</var>
<arg>xpath:(//li)[${i}]</arg>
<doc>Returns the text value of the element identified by ``locator``.</doc>
<msg timestamp="20211214 20:43:01.595" level="INFO">${linktext} = Privacy Policy</msg>
<status status="PASS" starttime="20211214 20:43:01.583" endtime="20211214 20:43:01.595"/>
</kw>
<kw name="Log To Console" library="BuiltIn">
<arg>${linktext}</arg>
<doc>Logs the given message to the console.</doc>
<status status="PASS" starttime="20211214 20:43:01.595" endtime="20211214 20:43:01.596"/>
</kw>
<status status="PASS" starttime="20211214 20:43:01.583" endtime="20211214 20:43:01.596"/>
</iter>
<iter>
<var name="${i}">50</var>
<kw name="Get Text" library="SeleniumLibrary">
<var>${linktext}</var>
<arg>xpath:(//li)[${i}]</arg>
<doc>Returns the text value of the element identified by ``locator``.</doc>
<msg timestamp="20211214 20:43:01.606" level="INFO">${linktext} = Terms &amp; Conditions</msg>
<status status="PASS" starttime="20211214 20:43:01.596" endtime="20211214 20:43:01.606"/>
</kw>
<kw name="Log To Console" library="BuiltIn">
<arg>${linktext}</arg>
<doc>Logs the given message to the console.</doc>
<status status="PASS" starttime="20211214 20:43:01.606" endtime="20211214 20:43:01.607"/>
</kw>
<status status="PASS" starttime="20211214 20:43:01.596" endtime="20211214 20:43:01.607"/>
</iter>
<iter>
<var name="${i}">51</var>
<kw name="Get Text" library="SeleniumLibrary">
<var>${linktext}</var>
<arg>xpath:(//li)[${i}]</arg>
<doc>Returns the text value of the element identified by ``locator``.</doc>
<msg timestamp="20211214 20:43:01.620" level="INFO">${linktext} = Contact Us</msg>
<status status="PASS" starttime="20211214 20:43:01.608" endtime="20211214 20:43:01.620"/>
</kw>
<kw name="Log To Console" library="BuiltIn">
<arg>${linktext}</arg>
<doc>Logs the given message to the console.</doc>
<status status="PASS" starttime="20211214 20:43:01.620" endtime="20211214 20:43:01.621"/>
</kw>
<status status="PASS" starttime="20211214 20:43:01.607" endtime="20211214 20:43:01.621"/>
</iter>
<iter>
<var name="${i}">52</var>
<kw name="Get Text" library="SeleniumLibrary">
<var>${linktext}</var>
<arg>xpath:(//li)[${i}]</arg>
<doc>Returns the text value of the element identified by ``locator``.</doc>
<msg timestamp="20211214 20:43:01.643" level="INFO">${linktext} = Returns</msg>
<status status="PASS" starttime="20211214 20:43:01.622" endtime="20211214 20:43:01.644"/>
</kw>
<kw name="Log To Console" library="BuiltIn">
<arg>${linktext}</arg>
<doc>Logs the given message to the console.</doc>
<status status="PASS" starttime="20211214 20:43:01.644" endtime="20211214 20:43:01.644"/>
</kw>
<status status="PASS" starttime="20211214 20:43:01.621" endtime="20211214 20:43:01.644"/>
</iter>
<iter>
<var name="${i}">53</var>
<kw name="Get Text" library="SeleniumLibrary">
<var>${linktext}</var>
<arg>xpath:(//li)[${i}]</arg>
<doc>Returns the text value of the element identified by ``locator``.</doc>
<msg timestamp="20211214 20:43:01.654" level="INFO">${linktext} = Site Map</msg>
<status status="PASS" starttime="20211214 20:43:01.645" endtime="20211214 20:43:01.654"/>
</kw>
<kw name="Log To Console" library="BuiltIn">
<arg>${linktext}</arg>
<doc>Logs the given message to the console.</doc>
<status status="PASS" starttime="20211214 20:43:01.654" endtime="20211214 20:43:01.655"/>
</kw>
<status status="PASS" starttime="20211214 20:43:01.644" endtime="20211214 20:43:01.655"/>
</iter>
<iter>
<var name="${i}">54</var>
<kw name="Get Text" library="SeleniumLibrary">
<var>${linktext}</var>
<arg>xpath:(//li)[${i}]</arg>
<doc>Returns the text value of the element identified by ``locator``.</doc>
<msg timestamp="20211214 20:43:01.662" level="INFO">${linktext} = Brands</msg>
<status status="PASS" starttime="20211214 20:43:01.655" endtime="20211214 20:43:01.662"/>
</kw>
<kw name="Log To Console" library="BuiltIn">
<arg>${linktext}</arg>
<doc>Logs the given message to the console.</doc>
<status status="PASS" starttime="20211214 20:43:01.662" endtime="20211214 20:43:01.663"/>
</kw>
<status status="PASS" starttime="20211214 20:43:01.655" endtime="20211214 20:43:01.663"/>
</iter>
<iter>
<var name="${i}">55</var>
<kw name="Get Text" library="SeleniumLibrary">
<var>${linktext}</var>
<arg>xpath:(//li)[${i}]</arg>
<doc>Returns the text value of the element identified by ``locator``.</doc>
<msg timestamp="20211214 20:43:01.670" level="INFO">${linktext} = Gift Certificates</msg>
<status status="PASS" starttime="20211214 20:43:01.663" endtime="20211214 20:43:01.670"/>
</kw>
<kw name="Log To Console" library="BuiltIn">
<arg>${linktext}</arg>
<doc>Logs the given message to the console.</doc>
<status status="PASS" starttime="20211214 20:43:01.670" endtime="20211214 20:43:01.670"/>
</kw>
<status status="PASS" starttime="20211214 20:43:01.663" endtime="20211214 20:43:01.670"/>
</iter>
<iter>
<var name="${i}">56</var>
<kw name="Get Text" library="SeleniumLibrary">
<var>${linktext}</var>
<arg>xpath:(//li)[${i}]</arg>
<doc>Returns the text value of the element identified by ``locator``.</doc>
<msg timestamp="20211214 20:43:01.676" level="INFO">${linktext} = Affiliate</msg>
<status status="PASS" starttime="20211214 20:43:01.671" endtime="20211214 20:43:01.676"/>
</kw>
<kw name="Log To Console" library="BuiltIn">
<arg>${linktext}</arg>
<doc>Logs the given message to the console.</doc>
<status status="PASS" starttime="20211214 20:43:01.677" endtime="20211214 20:43:01.677"/>
</kw>
<status status="PASS" starttime="20211214 20:43:01.670" endtime="20211214 20:43:01.677"/>
</iter>
<iter>
<var name="${i}">57</var>
<kw name="Get Text" library="SeleniumLibrary">
<var>${linktext}</var>
<arg>xpath:(//li)[${i}]</arg>
<doc>Returns the text value of the element identified by ``locator``.</doc>
<msg timestamp="20211214 20:43:01.684" level="INFO">${linktext} = Specials</msg>
<status status="PASS" starttime="20211214 20:43:01.677" endtime="20211214 20:43:01.684"/>
</kw>
<kw name="Log To Console" library="BuiltIn">
<arg>${linktext}</arg>
<doc>Logs the given message to the console.</doc>
<status status="PASS" starttime="20211214 20:43:01.684" endtime="20211214 20:43:01.684"/>
</kw>
<status status="PASS" starttime="20211214 20:43:01.677" endtime="20211214 20:43:01.684"/>
</iter>
<iter>
<var name="${i}">58</var>
<kw name="Get Text" library="SeleniumLibrary">
<var>${linktext}</var>
<arg>xpath:(//li)[${i}]</arg>
<doc>Returns the text value of the element identified by ``locator``.</doc>
<msg timestamp="20211214 20:43:01.691" level="INFO">${linktext} = My Account</msg>
<status status="PASS" starttime="20211214 20:43:01.685" endtime="20211214 20:43:01.691"/>
</kw>
<kw name="Log To Console" library="BuiltIn">
<arg>${linktext}</arg>
<doc>Logs the given message to the console.</doc>
<status status="PASS" starttime="20211214 20:43:01.691" endtime="20211214 20:43:01.692"/>
</kw>
<status status="PASS" starttime="20211214 20:43:01.684" endtime="20211214 20:43:01.692"/>
</iter>
<iter>
<var name="${i}">59</var>
<kw name="Get Text" library="SeleniumLibrary">
<var>${linktext}</var>
<arg>xpath:(//li)[${i}]</arg>
<doc>Returns the text value of the element identified by ``locator``.</doc>
<msg timestamp="20211214 20:43:01.702" level="INFO">${linktext} = Order History</msg>
<status status="PASS" starttime="20211214 20:43:01.692" endtime="20211214 20:43:01.703"/>
</kw>
<kw name="Log To Console" library="BuiltIn">
<arg>${linktext}</arg>
<doc>Logs the given message to the console.</doc>
<status status="PASS" starttime="20211214 20:43:01.703" endtime="20211214 20:43:01.704"/>
</kw>
<status status="PASS" starttime="20211214 20:43:01.692" endtime="20211214 20:43:01.704"/>
</iter>
<iter>
<var name="${i}">60</var>
<kw name="Get Text" library="SeleniumLibrary">
<var>${linktext}</var>
<arg>xpath:(//li)[${i}]</arg>
<doc>Returns the text value of the element identified by ``locator``.</doc>
<msg timestamp="20211214 20:43:01.723" level="INFO">${linktext} = Wish List</msg>
<status status="PASS" starttime="20211214 20:43:01.705" endtime="20211214 20:43:01.723"/>
</kw>
<kw name="Log To Console" library="BuiltIn">
<arg>${linktext}</arg>
<doc>Logs the given message to the console.</doc>
<status status="PASS" starttime="20211214 20:43:01.724" endtime="20211214 20:43:01.724"/>
</kw>
<status status="PASS" starttime="20211214 20:43:01.705" endtime="20211214 20:43:01.725"/>
</iter>
<iter>
<var name="${i}">61</var>
<kw name="Get Text" library="SeleniumLibrary">
<var>${linktext}</var>
<arg>xpath:(//li)[${i}]</arg>
<doc>Returns the text value of the element identified by ``locator``.</doc>
<msg timestamp="20211214 20:43:01.740" level="INFO">${linktext} = Newsletter</msg>
<status status="PASS" starttime="20211214 20:43:01.725" endtime="20211214 20:43:01.740"/>
</kw>
<kw name="Log To Console" library="BuiltIn">
<arg>${linktext}</arg>
<doc>Logs the given message to the console.</doc>
<status status="PASS" starttime="20211214 20:43:01.741" endtime="20211214 20:43:01.743"/>
</kw>
<status status="PASS" starttime="20211214 20:43:01.725" endtime="20211214 20:43:01.744"/>
</iter>
<status status="PASS" starttime="20211214 20:43:01.004" endtime="20211214 20:43:01.745"/>
</for>
<status status="PASS" starttime="20211214 20:42:53.066" endtime="20211214 20:43:01.745"/>
</kw>
<status status="PASS" starttime="20211214 20:42:53.064" endtime="20211214 20:43:01.746"/>
</test>
<status status="PASS" starttime="20211214 20:42:52.770" endtime="20211214 20:43:01.751"/>
</suite>
<statistics>
<total>
<stat pass="1" fail="0" skip="0">All Tests</stat>
</total>
<tag>
</tag>
<suite>
<stat pass="1" fail="0" skip="0" id="s1" name="TextLinks">TextLinks</stat>
</suite>
</statistics>
<errors>
</errors>
</robot>
