<?xml version="1.0" encoding="UTF-8"?>
<robot generator="Robot 4.1.2 (Python 3.10.1 on win32)" generated="20211216 19:34:36.393" rpa="false" schemaversion="2">
<suite id="s1" name="DatabaseTest" source="c:\Users\RamSchool\Documents\RobotFrameworkVSCode\TestCases\DatabaseTest.robot">
<kw name="Connect To Database" library="DatabaseLibrary" type="SETUP">
<arg>pymysql</arg>
<arg>${dbName}</arg>
<arg>${dbUser}</arg>
<arg>${dbPassword}</arg>
<arg>${dbHost}</arg>
<arg>${dbPort}</arg>
<doc>Loads the DB API 2.0 module given `dbapiModuleName` then uses it to
connect to the database using `dbName`, `dbUsername`, and `dbPassword`.</doc>
<msg timestamp="20211216 19:34:36.521" level="INFO">Connecting using : pymysql.connect(db=classicmodels, user=root, passwd=admin, host=127.0.0.1, port=3306, charset=None) </msg>
<status status="PASS" starttime="20211216 19:34:36.450" endtime="20211216 19:34:36.528"/>
</kw>
<test id="s1-t1" name="DeleteTableRecords">
<kw name="Execute Sql String" library="DatabaseLibrary">
<var>${OUTPUT}</var>
<arg>Delete FROM employee;</arg>
<doc>Executes the sqlString as SQL commands. Useful to pass arguments to your sql. Set optional input `sansTran` to
True to run command without an explicit transaction commit or rollback.</doc>
<msg timestamp="20211216 19:34:36.529" level="INFO">Executing : Execute SQL String  |  Delete FROM employee; </msg>
<msg timestamp="20211216 19:34:36.550" level="INFO">${OUTPUT} = None</msg>
<status status="PASS" starttime="20211216 19:34:36.529" endtime="20211216 19:34:36.550"/>
</kw>
<kw name="Log To Console" library="BuiltIn">
<arg>${OUTPUT}</arg>
<doc>Logs the given message to the console.</doc>
<status status="PASS" starttime="20211216 19:34:36.551" endtime="20211216 19:34:36.552"/>
</kw>
<kw name="Should Be Equal As Strings" library="BuiltIn">
<arg>${OUTPUT}</arg>
<arg>None</arg>
<doc>Fails if objects are unequal after converting them to strings.</doc>
<msg timestamp="20211216 19:34:36.554" level="INFO">Argument types are:
&lt;class 'NoneType'&gt;
&lt;type 'unicode'&gt;</msg>
<status status="PASS" starttime="20211216 19:34:36.553" endtime="20211216 19:34:36.554"/>
</kw>
<status status="PASS" starttime="20211216 19:34:36.528" endtime="20211216 19:34:36.554"/>
</test>
<kw name="Disconnect From Database" library="DatabaseLibrary" type="TEARDOWN">
<doc>Disconnects from the database.</doc>
<msg timestamp="20211216 19:34:36.556" level="INFO">Executing : Disconnect From Database</msg>
<status status="PASS" starttime="20211216 19:34:36.556" endtime="20211216 19:34:36.556"/>
</kw>
<status status="PASS" starttime="20211216 19:34:36.396" endtime="20211216 19:34:36.556"/>
</suite>
<statistics>
<total>
<stat pass="1" fail="0" skip="0">All Tests</stat>
</total>
<tag>
</tag>
<suite>
<stat pass="1" fail="0" skip="0" id="s1" name="DatabaseTest">DatabaseTest</stat>
</suite>
</statistics>
<errors>
</errors>
</robot>
